<?xml version="1.0" encoding="UTF-8"?>
<testsuite name="testFactories.UserTokenDtoFactoryTest" tests="1" skipped="0" failures="0" errors="0" timestamp="2024-08-31T13:49:39" hostname="DESKTOP-AAF9VTF" time="0.033">
  <properties/>
  <testcase name="testMakeUserTokenDto()" classname="testFactories.UserTokenDtoFactoryTest" time="0.033"/>
  <system-out><![CDATA[]]></system-out>
  <system-err><![CDATA[]]></system-err>
</testsuite>
