<?xml version="1.0" encoding="UTF-8"?>
<testsuite name="testFactories.RefreshTokenEntityFactoryTest" tests="1" skipped="0" failures="0" errors="0" timestamp="2024-09-01T20:43:05" hostname="DESKTOP-AAF9VTF" time="0.698">
  <properties/>
  <testcase name="testMakeRefreshTokenEntity()" classname="testFactories.RefreshTokenEntityFactoryTest" time="0.698"/>
  <system-out><![CDATA[]]></system-out>
  <system-err><![CDATA[]]></system-err>
</testsuite>
